2025-02-24 15:50:58,133 [Worker-6: Loading available Gradle versions] INFO  o.e.b.c.i.u.g.PublishedGradleVersions - Gradle version information cache is up-to-date. Trying to read.
2025-02-24 15:51:58,620 [Worker-118: Creating project "michael_lab2"] INFO  o.e.m.c.i.l.LifecycleMappingFactory - Using org.maven.ide.eclipse.wtp.WarLifecycleMapping lifecycle mapping for MavenProject: comp367:michael_lab2:0.0.1-SNAPSHOT @ C:\Users\Myhtak214\eclipse-workspace\Comp367\Lab2\michael_lab2\pom.xml.
2025-02-24 15:51:59,157 [Worker-118: Creating project "michael_lab2"] INFO  o.e.m.j.i.AbstractJavaProjectConfigurator - Adding source folder /michael_lab2/src/main/java
2025-02-24 15:51:59,158 [Worker-118: Creating project "michael_lab2"] INFO  o.e.m.j.i.AbstractJavaProjectConfigurator - Adding resource folder /michael_lab2/src/main/resources
2025-02-24 15:51:59,159 [Worker-118: Creating project "michael_lab2"] INFO  o.e.m.j.i.AbstractJavaProjectConfigurator - Adding source folder /michael_lab2/src/test/java
2025-02-24 15:51:59,159 [Worker-118: Creating project "michael_lab2"] INFO  o.e.m.j.i.AbstractJavaProjectConfigurator - Adding resource folder /michael_lab2/src/test/resources
2025-02-24 15:51:59,161 [Worker-118: Creating project "michael_lab2"] ERROR o.e.m.j.i.AbstractJavaProjectConfigurator - Failed to find a compatible VM for environment id 'JavaSE-1.8', falling back to workspace default
2025-02-24 15:52:01,095 [Worker-41: Building] WARN  o.a.m.s.f.DefaultMavenResourcesFiltering - Using platform encoding (UTF-8 actually) to copy filtered resources, i.e. build is platform dependent!
2025-02-24 15:52:01,109 [Worker-41: Building] INFO  o.a.m.s.f.DefaultMavenResourcesFiltering - Copying 0 resource from src\main\resources to target\classes
2025-02-24 15:52:01,114 [Worker-41: Building] WARN  o.a.m.s.f.DefaultMavenResourcesFiltering - Using platform encoding (UTF-8 actually) to copy filtered resources, i.e. build is platform dependent!
2025-02-24 15:52:01,115 [Worker-41: Building] INFO  o.a.m.s.f.DefaultMavenResourcesFiltering - Copying 0 resource from src\test\resources to target\test-classes
2025-02-24 15:52:01,707 [Worker-96: Building] WARN  o.a.m.s.f.DefaultMavenResourcesFiltering - Using platform encoding (UTF-8 actually) to copy filtered resources, i.e. build is platform dependent!
2025-02-24 15:52:01,709 [Worker-96: Building] INFO  o.a.m.s.f.DefaultMavenResourcesFiltering - Copying 0 resource from src\main\resources to target\classes
2025-02-24 15:52:01,711 [Worker-96: Building] WARN  o.a.m.s.f.DefaultMavenResourcesFiltering - Using platform encoding (UTF-8 actually) to copy filtered resources, i.e. build is platform dependent!
2025-02-24 15:52:01,712 [Worker-96: Building] INFO  o.a.m.s.f.DefaultMavenResourcesFiltering - Copying 0 resource from src\test\resources to target\test-classes
2025-02-24 15:53:39,077 [Worker-94: Building] WARN  o.a.m.s.f.DefaultMavenResourcesFiltering - Using platform encoding (UTF-8 actually) to copy filtered resources, i.e. build is platform dependent!
2025-02-24 15:53:39,079 [Worker-94: Building] INFO  o.a.m.s.f.DefaultMavenResourcesFiltering - Copying 0 resource from src\main\resources to target\classes
2025-02-24 15:53:39,081 [Worker-94: Building] WARN  o.a.m.s.f.DefaultMavenResourcesFiltering - Using platform encoding (UTF-8 actually) to copy filtered resources, i.e. build is platform dependent!
2025-02-24 15:53:39,082 [Worker-94: Building] INFO  o.a.m.s.f.DefaultMavenResourcesFiltering - Copying 0 resource from src\test\resources to target\test-classes
2025-02-24 15:54:04,118 [Worker-16: Building] WARN  o.a.m.s.f.DefaultMavenResourcesFiltering - Using platform encoding (UTF-8 actually) to copy filtered resources, i.e. build is platform dependent!
2025-02-24 15:54:04,120 [Worker-16: Building] INFO  o.a.m.s.f.DefaultMavenResourcesFiltering - Copying 0 resource from src\main\resources to target\classes
2025-02-24 15:54:04,121 [Worker-16: Building] WARN  o.a.m.s.f.DefaultMavenResourcesFiltering - Using platform encoding (UTF-8 actually) to copy filtered resources, i.e. build is platform dependent!
2025-02-24 15:54:04,122 [Worker-16: Building] INFO  o.a.m.s.f.DefaultMavenResourcesFiltering - Copying 0 resource from src\test\resources to target\test-classes
2025-02-24 15:55:20,825 [Worker-84: Building] WARN  o.a.m.s.f.DefaultMavenResourcesFiltering - Using platform encoding (UTF-8 actually) to copy filtered resources, i.e. build is platform dependent!
2025-02-24 15:55:20,826 [Worker-84: Building] INFO  o.a.m.s.f.DefaultMavenResourcesFiltering - Copying 0 resource from src\main\resources to target\classes
2025-02-24 15:55:20,828 [Worker-84: Building] WARN  o.a.m.s.f.DefaultMavenResourcesFiltering - Using platform encoding (UTF-8 actually) to copy filtered resources, i.e. build is platform dependent!
2025-02-24 15:55:20,828 [Worker-84: Building] INFO  o.a.m.s.f.DefaultMavenResourcesFiltering - Copying 0 resource from src\test\resources to target\test-classes
2025-02-24 15:55:27,199 [Worker-8: Cleaning all projects] INFO  o.e.m.w.i.f.ResourceFilteringBuildParticipant - Cleaning filtered folder for michael_lab2
2025-02-24 15:55:27,351 [Worker-1: Building] WARN  o.a.m.s.f.DefaultMavenResourcesFiltering - Using platform encoding (UTF-8 actually) to copy filtered resources, i.e. build is platform dependent!
2025-02-24 15:55:27,352 [Worker-1: Building] INFO  o.a.m.s.f.DefaultMavenResourcesFiltering - Copying 0 resource from src\main\resources to target\classes
2025-02-24 15:55:27,353 [Worker-1: Building] WARN  o.a.m.s.f.DefaultMavenResourcesFiltering - Using platform encoding (UTF-8 actually) to copy filtered resources, i.e. build is platform dependent!
2025-02-24 15:55:27,354 [Worker-1: Building] INFO  o.a.m.s.f.DefaultMavenResourcesFiltering - Copying 0 resource from src\test\resources to target\test-classes
2025-02-24 15:55:27,354 [Worker-1: Building] INFO  o.e.m.w.i.f.ResourceFilteringBuildParticipant - Changed resources require a complete clean of filtered resources of michael_lab2
2025-02-24 15:55:27,355 [Worker-1: Building] INFO  o.e.m.w.i.f.ResourceFilteringBuildParticipant - Executing resource filtering for michael_lab2
2025-02-24 15:56:07,366 [Worker-5: Cleaning all projects] INFO  o.e.m.w.i.f.ResourceFilteringBuildParticipant - Cleaning filtered folder for michael_lab2
2025-02-24 15:56:07,487 [Worker-16: Building] WARN  o.a.m.s.f.DefaultMavenResourcesFiltering - Using platform encoding (UTF-8 actually) to copy filtered resources, i.e. build is platform dependent!
2025-02-24 15:56:07,489 [Worker-16: Building] INFO  o.a.m.s.f.DefaultMavenResourcesFiltering - Copying 0 resource from src\main\resources to target\classes
2025-02-24 15:56:07,491 [Worker-16: Building] WARN  o.a.m.s.f.DefaultMavenResourcesFiltering - Using platform encoding (UTF-8 actually) to copy filtered resources, i.e. build is platform dependent!
2025-02-24 15:56:07,492 [Worker-16: Building] INFO  o.a.m.s.f.DefaultMavenResourcesFiltering - Copying 0 resource from src\test\resources to target\test-classes
2025-02-24 15:56:07,493 [Worker-16: Building] INFO  o.e.m.w.i.f.ResourceFilteringBuildParticipant - Changed resources require a complete clean of filtered resources of michael_lab2
2025-02-24 15:56:07,493 [Worker-16: Building] INFO  o.e.m.w.i.f.ResourceFilteringBuildParticipant - Executing resource filtering for michael_lab2
2025-02-24 15:57:18,845 [Worker-5: Cleaning all projects] INFO  o.e.m.w.i.f.ResourceFilteringBuildParticipant - Cleaning filtered folder for michael_lab2
2025-02-24 15:57:19,010 [Worker-42: Building] WARN  o.a.m.s.f.DefaultMavenResourcesFiltering - Using platform encoding (UTF-8 actually) to copy filtered resources, i.e. build is platform dependent!
2025-02-24 15:57:19,011 [Worker-42: Building] INFO  o.a.m.s.f.DefaultMavenResourcesFiltering - Copying 0 resource from src\main\resources to target\classes
2025-02-24 15:57:19,012 [Worker-42: Building] WARN  o.a.m.s.f.DefaultMavenResourcesFiltering - Using platform encoding (UTF-8 actually) to copy filtered resources, i.e. build is platform dependent!
2025-02-24 15:57:19,012 [Worker-42: Building] INFO  o.a.m.s.f.DefaultMavenResourcesFiltering - Copying 0 resource from src\test\resources to target\test-classes
2025-02-24 15:57:19,013 [Worker-42: Building] INFO  o.e.m.w.i.f.ResourceFilteringBuildParticipant - Changed resources require a complete clean of filtered resources of michael_lab2
2025-02-24 15:57:19,013 [Worker-42: Building] INFO  o.e.m.w.i.f.ResourceFilteringBuildParticipant - Executing resource filtering for michael_lab2
2025-02-24 15:57:28,086 [Worker-94: Updating Maven Project] INFO  o.e.m.c.i.p.ProjectConfigurationManager - Update started
2025-02-24 15:57:28,209 [Worker-94: Updating Maven Project] INFO  o.e.m.c.i.l.LifecycleMappingFactory - Using org.maven.ide.eclipse.wtp.WarLifecycleMapping lifecycle mapping for MavenProject: comp367:michael_lab2:0.0.1-SNAPSHOT @ C:\Users\Myhtak214\eclipse-workspace\Comp367\Lab2\michael_lab2\pom.xml.
2025-02-24 15:57:28,529 [Worker-94: Updating Maven Project] INFO  o.e.m.j.i.AbstractJavaProjectConfigurator - Adding source folder /michael_lab2/src/main/java
2025-02-24 15:57:28,529 [Worker-94: Updating Maven Project] INFO  o.e.m.j.i.AbstractJavaProjectConfigurator - Adding resource folder /michael_lab2/src/main/resources
2025-02-24 15:57:28,530 [Worker-94: Updating Maven Project] INFO  o.e.m.j.i.AbstractJavaProjectConfigurator - Adding source folder /michael_lab2/src/test/java
2025-02-24 15:57:28,530 [Worker-94: Updating Maven Project] INFO  o.e.m.j.i.AbstractJavaProjectConfigurator - Adding resource folder /michael_lab2/src/test/resources
2025-02-24 15:57:28,530 [Worker-94: Updating Maven Project] ERROR o.e.m.j.i.AbstractJavaProjectConfigurator - Failed to find a compatible VM for environment id 'JavaSE-1.8', falling back to workspace default
2025-02-24 15:57:28,582 [Worker-94: Updating Maven Project] INFO  o.e.m.w.i.f.ResourceFilteringBuildParticipant - Cleaning filtered folder for michael_lab2
2025-02-24 15:57:28,588 [Worker-94: Updating Maven Project] INFO  o.e.m.c.i.p.ProjectConfigurationManager - Update completed for 1 poms: local refresh takes 0.00 sec, refresh facades takes 0.00 sec, update config takes 0.00 sec 
2025-02-24 15:57:28,707 [Worker-131: Building] WARN  o.a.m.s.f.DefaultMavenResourcesFiltering - Using platform encoding (UTF-8 actually) to copy filtered resources, i.e. build is platform dependent!
2025-02-24 15:57:28,708 [Worker-131: Building] INFO  o.a.m.s.f.DefaultMavenResourcesFiltering - Copying 0 resource from src\main\resources to target\classes
2025-02-24 15:57:28,711 [Worker-131: Building] WARN  o.a.m.s.f.DefaultMavenResourcesFiltering - Using platform encoding (UTF-8 actually) to copy filtered resources, i.e. build is platform dependent!
2025-02-24 15:57:28,712 [Worker-131: Building] INFO  o.a.m.s.f.DefaultMavenResourcesFiltering - Copying 0 resource from src\test\resources to target\test-classes
2025-02-24 15:57:28,712 [Worker-131: Building] INFO  o.e.m.w.i.f.ResourceFilteringBuildParticipant - Changed resources require a complete clean of filtered resources of michael_lab2
2025-02-24 15:57:28,712 [Worker-131: Building] INFO  o.e.m.w.i.f.ResourceFilteringBuildParticipant - Executing resource filtering for michael_lab2
2025-02-24 15:58:37,653 [Worker-9: Building] WARN  o.a.m.s.f.DefaultMavenResourcesFiltering - Using platform encoding (UTF-8 actually) to copy filtered resources, i.e. build is platform dependent!
2025-02-24 15:58:37,655 [Worker-9: Building] INFO  o.a.m.s.f.DefaultMavenResourcesFiltering - Copying 0 resource from src\main\resources to target\classes
2025-02-24 15:58:37,657 [Worker-9: Building] WARN  o.a.m.s.f.DefaultMavenResourcesFiltering - Using platform encoding (UTF-8 actually) to copy filtered resources, i.e. build is platform dependent!
2025-02-24 15:58:37,658 [Worker-9: Building] INFO  o.a.m.s.f.DefaultMavenResourcesFiltering - Copying 0 resource from src\test\resources to target\test-classes
2025-02-24 15:59:55,261 [Worker-97: Building] WARN  o.a.m.s.f.DefaultMavenResourcesFiltering - Using platform encoding (UTF-8 actually) to copy filtered resources, i.e. build is platform dependent!
2025-02-24 15:59:55,262 [Worker-97: Building] INFO  o.a.m.s.f.DefaultMavenResourcesFiltering - Copying 0 resource from src\main\resources to target\classes
2025-02-24 15:59:55,263 [Worker-97: Building] WARN  o.a.m.s.f.DefaultMavenResourcesFiltering - Using platform encoding (UTF-8 actually) to copy filtered resources, i.e. build is platform dependent!
2025-02-24 15:59:55,264 [Worker-97: Building] INFO  o.a.m.s.f.DefaultMavenResourcesFiltering - Copying 0 resource from src\test\resources to target\test-classes
2025-02-24 16:00:26,546 [Worker-112: Building] WARN  o.a.m.s.f.DefaultMavenResourcesFiltering - Using platform encoding (UTF-8 actually) to copy filtered resources, i.e. build is platform dependent!
2025-02-24 16:00:26,547 [Worker-112: Building] INFO  o.a.m.s.f.DefaultMavenResourcesFiltering - Copying 0 resource from src\main\resources to target\classes
2025-02-24 16:00:26,549 [Worker-112: Building] WARN  o.a.m.s.f.DefaultMavenResourcesFiltering - Using platform encoding (UTF-8 actually) to copy filtered resources, i.e. build is platform dependent!
2025-02-24 16:00:26,549 [Worker-112: Building] INFO  o.a.m.s.f.DefaultMavenResourcesFiltering - Copying 0 resource from src\test\resources to target\test-classes
2025-02-24 16:00:33,936 [Worker-5: Cleaning all projects] INFO  o.e.m.w.i.f.ResourceFilteringBuildParticipant - Cleaning filtered folder for michael_lab2
2025-02-24 16:00:34,053 [Worker-26: Building] WARN  o.a.m.s.f.DefaultMavenResourcesFiltering - Using platform encoding (UTF-8 actually) to copy filtered resources, i.e. build is platform dependent!
2025-02-24 16:00:34,054 [Worker-26: Building] INFO  o.a.m.s.f.DefaultMavenResourcesFiltering - Copying 0 resource from src\main\resources to target\classes
2025-02-24 16:00:34,055 [Worker-26: Building] WARN  o.a.m.s.f.DefaultMavenResourcesFiltering - Using platform encoding (UTF-8 actually) to copy filtered resources, i.e. build is platform dependent!
2025-02-24 16:00:34,056 [Worker-26: Building] INFO  o.a.m.s.f.DefaultMavenResourcesFiltering - Copying 0 resource from src\test\resources to target\test-classes
2025-02-24 16:00:34,056 [Worker-26: Building] INFO  o.e.m.w.i.f.ResourceFilteringBuildParticipant - Changed resources require a complete clean of filtered resources of michael_lab2
2025-02-24 16:00:34,056 [Worker-26: Building] INFO  o.e.m.w.i.f.ResourceFilteringBuildParticipant - Executing resource filtering for michael_lab2
2025-02-24 16:01:19,628 [Worker-9: Building] WARN  o.a.m.s.f.DefaultMavenResourcesFiltering - Using platform encoding (UTF-8 actually) to copy filtered resources, i.e. build is platform dependent!
2025-02-24 16:01:19,629 [Worker-9: Building] INFO  o.a.m.s.f.DefaultMavenResourcesFiltering - Copying 0 resource from src\main\resources to target\classes
2025-02-24 16:01:19,630 [Worker-9: Building] WARN  o.a.m.s.f.DefaultMavenResourcesFiltering - Using platform encoding (UTF-8 actually) to copy filtered resources, i.e. build is platform dependent!
2025-02-24 16:01:19,631 [Worker-9: Building] INFO  o.a.m.s.f.DefaultMavenResourcesFiltering - Copying 0 resource from src\test\resources to target\test-classes
2025-02-24 16:01:25,863 [Worker-97: Cleaning all projects] INFO  o.e.m.w.i.f.ResourceFilteringBuildParticipant - Cleaning filtered folder for michael_lab2
2025-02-24 16:01:25,976 [Worker-46: Building] WARN  o.a.m.s.f.DefaultMavenResourcesFiltering - Using platform encoding (UTF-8 actually) to copy filtered resources, i.e. build is platform dependent!
2025-02-24 16:01:25,977 [Worker-46: Building] INFO  o.a.m.s.f.DefaultMavenResourcesFiltering - Copying 0 resource from src\main\resources to target\classes
2025-02-24 16:01:25,978 [Worker-46: Building] WARN  o.a.m.s.f.DefaultMavenResourcesFiltering - Using platform encoding (UTF-8 actually) to copy filtered resources, i.e. build is platform dependent!
2025-02-24 16:01:25,979 [Worker-46: Building] INFO  o.a.m.s.f.DefaultMavenResourcesFiltering - Copying 0 resource from src\test\resources to target\test-classes
2025-02-24 16:01:25,979 [Worker-46: Building] INFO  o.e.m.w.i.f.ResourceFilteringBuildParticipant - Changed resources require a complete clean of filtered resources of michael_lab2
2025-02-24 16:01:25,979 [Worker-46: Building] INFO  o.e.m.w.i.f.ResourceFilteringBuildParticipant - Executing resource filtering for michael_lab2
2025-02-24 16:07:33,458 [Worker-26: Creating project "michael_lab2"] INFO  o.e.m.c.i.l.LifecycleMappingFactory - Using org.eclipse.m2e.jdt.JarLifecycleMapping lifecycle mapping for MavenProject: comp367:michael_lab2:0.0.1-SNAPSHOT @ C:\Users\Myhtak214\eclipse-workspace\Comp367\Lab2\michael_lab2\pom.xml.
2025-02-24 16:07:33,691 [Worker-26: Creating project "michael_lab2"] INFO  o.e.m.j.i.AbstractJavaProjectConfigurator - Adding source folder /michael_lab2/src/main/java
2025-02-24 16:07:33,691 [Worker-26: Creating project "michael_lab2"] INFO  o.e.m.j.i.AbstractJavaProjectConfigurator - Adding resource folder /michael_lab2/src/main/resources
2025-02-24 16:07:33,691 [Worker-26: Creating project "michael_lab2"] INFO  o.e.m.j.i.AbstractJavaProjectConfigurator - Adding source folder /michael_lab2/src/test/java
2025-02-24 16:07:33,691 [Worker-26: Creating project "michael_lab2"] INFO  o.e.m.j.i.AbstractJavaProjectConfigurator - Adding resource folder /michael_lab2/src/test/resources
2025-02-24 16:07:33,691 [Worker-26: Creating project "michael_lab2"] ERROR o.e.m.j.i.AbstractJavaProjectConfigurator - Failed to find a compatible VM for environment id 'JavaSE-1.8', falling back to workspace default
2025-02-24 16:07:33,909 [Worker-136: Building] WARN  o.a.m.s.f.DefaultMavenResourcesFiltering - Using platform encoding (UTF-8 actually) to copy filtered resources, i.e. build is platform dependent!
2025-02-24 16:07:33,911 [Worker-136: Building] INFO  o.a.m.s.f.DefaultMavenResourcesFiltering - Copying 0 resource from src\main\resources to target\classes
2025-02-24 16:07:33,914 [Worker-136: Building] WARN  o.a.m.s.f.DefaultMavenResourcesFiltering - Using platform encoding (UTF-8 actually) to copy filtered resources, i.e. build is platform dependent!
2025-02-24 16:07:33,915 [Worker-136: Building] INFO  o.a.m.s.f.DefaultMavenResourcesFiltering - Copying 0 resource from src\test\resources to target\test-classes
2025-02-24 16:08:04,931 [Worker-133: Building] WARN  o.a.m.s.f.DefaultMavenResourcesFiltering - Using platform encoding (UTF-8 actually) to copy filtered resources, i.e. build is platform dependent!
2025-02-24 16:08:04,933 [Worker-133: Building] INFO  o.a.m.s.f.DefaultMavenResourcesFiltering - Copying 0 resource from src\main\resources to target\classes
2025-02-24 16:08:04,935 [Worker-133: Building] WARN  o.a.m.s.f.DefaultMavenResourcesFiltering - Using platform encoding (UTF-8 actually) to copy filtered resources, i.e. build is platform dependent!
2025-02-24 16:08:04,936 [Worker-133: Building] INFO  o.a.m.s.f.DefaultMavenResourcesFiltering - Copying 0 resource from src\test\resources to target\test-classes
2025-02-24 16:10:31,930 [Worker-134: Building] WARN  o.a.m.s.f.DefaultMavenResourcesFiltering - Using platform encoding (UTF-8 actually) to copy filtered resources, i.e. build is platform dependent!
2025-02-24 16:10:31,931 [Worker-134: Building] INFO  o.a.m.s.f.DefaultMavenResourcesFiltering - Copying 0 resource from src\main\resources to target\classes
2025-02-24 16:10:31,933 [Worker-134: Building] WARN  o.a.m.s.f.DefaultMavenResourcesFiltering - Using platform encoding (UTF-8 actually) to copy filtered resources, i.e. build is platform dependent!
2025-02-24 16:10:31,933 [Worker-134: Building] INFO  o.a.m.s.f.DefaultMavenResourcesFiltering - Copying 0 resource from src\test\resources to target\test-classes
2025-02-24 16:11:47,985 [Worker-26: Creating project "michael_lab2"] INFO  o.e.m.c.i.l.LifecycleMappingFactory - Using org.maven.ide.eclipse.wtp.WarLifecycleMapping lifecycle mapping for MavenProject: comp367:michael_lab2:0.0.1-SNAPSHOT @ C:\Users\Myhtak214\eclipse-workspace\Comp367\Lab2\michael_lab2\pom.xml.
2025-02-24 16:11:48,240 [Worker-26: Creating project "michael_lab2"] INFO  o.e.m.j.i.AbstractJavaProjectConfigurator - Adding source folder /michael_lab2/src/main/java
2025-02-24 16:11:48,240 [Worker-26: Creating project "michael_lab2"] INFO  o.e.m.j.i.AbstractJavaProjectConfigurator - Adding resource folder /michael_lab2/src/main/resources
2025-02-24 16:11:48,240 [Worker-26: Creating project "michael_lab2"] INFO  o.e.m.j.i.AbstractJavaProjectConfigurator - Adding source folder /michael_lab2/src/test/java
2025-02-24 16:11:48,240 [Worker-26: Creating project "michael_lab2"] INFO  o.e.m.j.i.AbstractJavaProjectConfigurator - Adding resource folder /michael_lab2/src/test/resources
2025-02-24 16:11:48,240 [Worker-26: Creating project "michael_lab2"] ERROR o.e.m.j.i.AbstractJavaProjectConfigurator - Failed to find a compatible VM for environment id 'JavaSE-1.8', falling back to workspace default
2025-02-24 16:11:48,542 [Worker-134: Building] WARN  o.a.m.s.f.DefaultMavenResourcesFiltering - Using platform encoding (UTF-8 actually) to copy filtered resources, i.e. build is platform dependent!
2025-02-24 16:11:48,543 [Worker-134: Building] INFO  o.a.m.s.f.DefaultMavenResourcesFiltering - Copying 0 resource from src\main\resources to target\classes
2025-02-24 16:11:48,545 [Worker-134: Building] WARN  o.a.m.s.f.DefaultMavenResourcesFiltering - Using platform encoding (UTF-8 actually) to copy filtered resources, i.e. build is platform dependent!
2025-02-24 16:11:48,546 [Worker-134: Building] INFO  o.a.m.s.f.DefaultMavenResourcesFiltering - Copying 0 resource from src\test\resources to target\test-classes
2025-02-24 16:11:49,833 [Worker-137: Building] WARN  o.a.m.s.f.DefaultMavenResourcesFiltering - Using platform encoding (UTF-8 actually) to copy filtered resources, i.e. build is platform dependent!
2025-02-24 16:11:49,835 [Worker-137: Building] INFO  o.a.m.s.f.DefaultMavenResourcesFiltering - Copying 0 resource from src\main\resources to target\classes
2025-02-24 16:11:49,836 [Worker-137: Building] WARN  o.a.m.s.f.DefaultMavenResourcesFiltering - Using platform encoding (UTF-8 actually) to copy filtered resources, i.e. build is platform dependent!
2025-02-24 16:11:49,837 [Worker-137: Building] INFO  o.a.m.s.f.DefaultMavenResourcesFiltering - Copying 0 resource from src\test\resources to target\test-classes
2025-02-24 16:12:36,576 [ModalContext] INFO  o.e.m.c.i.e.AbstractTransferListenerAdapter - Downloading https://repo.maven.apache.org/maven2/org/apache/maven/archetypes/maven-archetype-webapp/1.5/maven-archetype-webapp-1.5.pom
2025-02-24 16:12:36,581 [ModalContext] INFO  o.e.m.c.i.e.AbstractTransferListenerAdapter - Downloaded https://repo.maven.apache.org/maven2/org/apache/maven/archetypes/maven-archetype-webapp/1.5/maven-archetype-webapp-1.5.pom
2025-02-24 16:12:36,594 [ModalContext] INFO  o.e.m.c.i.e.AbstractTransferListenerAdapter - Downloading https://repo.maven.apache.org/maven2/org/apache/maven/archetypes/maven-archetype-bundles/1.5/maven-archetype-bundles-1.5.pom
2025-02-24 16:12:36,597 [ModalContext] INFO  o.e.m.c.i.e.AbstractTransferListenerAdapter - Downloaded https://repo.maven.apache.org/maven2/org/apache/maven/archetypes/maven-archetype-bundles/1.5/maven-archetype-bundles-1.5.pom
2025-02-24 16:12:36,613 [ModalContext] INFO  o.e.m.c.i.e.AbstractTransferListenerAdapter - Downloading https://repo.maven.apache.org/maven2/org/apache/maven/archetypes/maven-archetype-webapp/1.5/maven-archetype-webapp-1.5.jar
2025-02-24 16:12:36,616 [ModalContext] INFO  o.e.m.c.i.e.AbstractTransferListenerAdapter - Downloaded https://repo.maven.apache.org/maven2/org/apache/maven/archetypes/maven-archetype-webapp/1.5/maven-archetype-webapp-1.5.jar
2025-02-24 16:12:45,403 [Worker-26: Launching mavenrun-c0b6c5de-d582-40be-bd9a-4e1931361887] INFO  o.eclipse.m2e.core.internal.Bundles - getClasspathEntries(Bundle=org.eclipse.m2e.maven.runtime_3.9.500.20231113-2345 [626])
2025-02-24 16:12:45,404 [Worker-26: Launching mavenrun-c0b6c5de-d582-40be-bd9a-4e1931361887] INFO  o.eclipse.m2e.core.internal.Bundles - 	Entry: C:\Users\Myhtak214\.p2\pool\plugins\org.eclipse.m2e.maven.runtime_3.9.500.20231113-2345
2025-02-24 16:12:45,405 [Worker-26: Launching mavenrun-c0b6c5de-d582-40be-bd9a-4e1931361887] INFO  o.eclipse.m2e.core.internal.Bundles - 	Entry: C:\Users\Myhtak214\.p2\pool\plugins\org.eclipse.m2e.maven.runtime_3.9.500.20231113-2345\jars\aopalliance-1.0.jar
2025-02-24 16:12:45,405 [Worker-26: Launching mavenrun-c0b6c5de-d582-40be-bd9a-4e1931361887] INFO  o.eclipse.m2e.core.internal.Bundles - 	Entry: C:\Users\Myhtak214\.p2\pool\plugins\org.eclipse.m2e.maven.runtime_3.9.500.20231113-2345\jars\guice-5.1.0.jar
2025-02-24 16:12:45,405 [Worker-26: Launching mavenrun-c0b6c5de-d582-40be-bd9a-4e1931361887] INFO  o.eclipse.m2e.core.internal.Bundles - 	Entry: C:\Users\Myhtak214\.p2\pool\plugins\org.eclipse.m2e.maven.runtime_3.9.500.20231113-2345\jars\httpclient-4.5.14.jar
2025-02-24 16:12:45,405 [Worker-26: Launching mavenrun-c0b6c5de-d582-40be-bd9a-4e1931361887] INFO  o.eclipse.m2e.core.internal.Bundles - 	Entry: C:\Users\Myhtak214\.p2\pool\plugins\org.eclipse.m2e.maven.runtime_3.9.500.20231113-2345\jars\httpcore-4.4.16.jar
2025-02-24 16:12:45,405 [Worker-26: Launching mavenrun-c0b6c5de-d582-40be-bd9a-4e1931361887] INFO  o.eclipse.m2e.core.internal.Bundles - 	Entry: C:\Users\Myhtak214\.p2\pool\plugins\org.eclipse.m2e.maven.runtime_3.9.500.20231113-2345\jars\jansi-2.4.0.jar
2025-02-24 16:12:45,405 [Worker-26: Launching mavenrun-c0b6c5de-d582-40be-bd9a-4e1931361887] INFO  o.eclipse.m2e.core.internal.Bundles - 	Entry: C:\Users\Myhtak214\.p2\pool\plugins\org.eclipse.m2e.maven.runtime_3.9.500.20231113-2345\jars\jcl-over-slf4j-1.7.36.jar
2025-02-24 16:12:45,405 [Worker-26: Launching mavenrun-c0b6c5de-d582-40be-bd9a-4e1931361887] INFO  o.eclipse.m2e.core.internal.Bundles - 	Entry: C:\Users\Myhtak214\.p2\pool\plugins\org.eclipse.m2e.maven.runtime_3.9.500.20231113-2345\jars\maven-artifact-3.9.5.jar
2025-02-24 16:12:45,405 [Worker-26: Launching mavenrun-c0b6c5de-d582-40be-bd9a-4e1931361887] INFO  o.eclipse.m2e.core.internal.Bundles - 	Entry: C:\Users\Myhtak214\.p2\pool\plugins\org.eclipse.m2e.maven.runtime_3.9.500.20231113-2345\jars\maven-builder-support-3.9.5.jar
2025-02-24 16:12:45,405 [Worker-26: Launching mavenrun-c0b6c5de-d582-40be-bd9a-4e1931361887] INFO  o.eclipse.m2e.core.internal.Bundles - 	Entry: C:\Users\Myhtak214\.p2\pool\plugins\org.eclipse.m2e.maven.runtime_3.9.500.20231113-2345\jars\maven-compat-3.9.5.jar
2025-02-24 16:12:45,406 [Worker-26: Launching mavenrun-c0b6c5de-d582-40be-bd9a-4e1931361887] INFO  o.eclipse.m2e.core.internal.Bundles - 	Entry: C:\Users\Myhtak214\.p2\pool\plugins\org.eclipse.m2e.maven.runtime_3.9.500.20231113-2345\jars\maven-core-3.9.5.jar
2025-02-24 16:12:45,406 [Worker-26: Launching mavenrun-c0b6c5de-d582-40be-bd9a-4e1931361887] INFO  o.eclipse.m2e.core.internal.Bundles - 	Entry: C:\Users\Myhtak214\.p2\pool\plugins\org.eclipse.m2e.maven.runtime_3.9.500.20231113-2345\jars\maven-embedder-3.9.5.jar
2025-02-24 16:12:45,406 [Worker-26: Launching mavenrun-c0b6c5de-d582-40be-bd9a-4e1931361887] INFO  o.eclipse.m2e.core.internal.Bundles - 	Entry: C:\Users\Myhtak214\.p2\pool\plugins\org.eclipse.m2e.maven.runtime_3.9.500.20231113-2345\jars\maven-model-3.9.5.jar
2025-02-24 16:12:45,406 [Worker-26: Launching mavenrun-c0b6c5de-d582-40be-bd9a-4e1931361887] INFO  o.eclipse.m2e.core.internal.Bundles - 	Entry: C:\Users\Myhtak214\.p2\pool\plugins\org.eclipse.m2e.maven.runtime_3.9.500.20231113-2345\jars\maven-model-builder-3.9.5.jar
2025-02-24 16:12:45,406 [Worker-26: Launching mavenrun-c0b6c5de-d582-40be-bd9a-4e1931361887] INFO  o.eclipse.m2e.core.internal.Bundles - 	Entry: C:\Users\Myhtak214\.p2\pool\plugins\org.eclipse.m2e.maven.runtime_3.9.500.20231113-2345\jars\maven-plugin-api-3.9.5.jar
2025-02-24 16:12:45,406 [Worker-26: Launching mavenrun-c0b6c5de-d582-40be-bd9a-4e1931361887] INFO  o.eclipse.m2e.core.internal.Bundles - 	Entry: C:\Users\Myhtak214\.p2\pool\plugins\org.eclipse.m2e.maven.runtime_3.9.500.20231113-2345\jars\maven-repository-metadata-3.9.5.jar
2025-02-24 16:12:45,406 [Worker-26: Launching mavenrun-c0b6c5de-d582-40be-bd9a-4e1931361887] INFO  o.eclipse.m2e.core.internal.Bundles - 	Entry: C:\Users\Myhtak214\.p2\pool\plugins\org.eclipse.m2e.maven.runtime_3.9.500.20231113-2345\jars\maven-resolver-api-1.9.16.jar
2025-02-24 16:12:45,406 [Worker-26: Launching mavenrun-c0b6c5de-d582-40be-bd9a-4e1931361887] INFO  o.eclipse.m2e.core.internal.Bundles - 	Entry: C:\Users\Myhtak214\.p2\pool\plugins\org.eclipse.m2e.maven.runtime_3.9.500.20231113-2345\jars\maven-resolver-connector-basic-1.9.16.jar
2025-02-24 16:12:45,406 [Worker-26: Launching mavenrun-c0b6c5de-d582-40be-bd9a-4e1931361887] INFO  o.eclipse.m2e.core.internal.Bundles - 	Entry: C:\Users\Myhtak214\.p2\pool\plugins\org.eclipse.m2e.maven.runtime_3.9.500.20231113-2345\jars\maven-resolver-impl-1.9.16.jar
2025-02-24 16:12:45,407 [Worker-26: Launching mavenrun-c0b6c5de-d582-40be-bd9a-4e1931361887] INFO  o.eclipse.m2e.core.internal.Bundles - 	Entry: C:\Users\Myhtak214\.p2\pool\plugins\org.eclipse.m2e.maven.runtime_3.9.500.20231113-2345\jars\maven-resolver-named-locks-1.9.16.jar
2025-02-24 16:12:45,407 [Worker-26: Launching mavenrun-c0b6c5de-d582-40be-bd9a-4e1931361887] INFO  o.eclipse.m2e.core.internal.Bundles - 	Entry: C:\Users\Myhtak214\.p2\pool\plugins\org.eclipse.m2e.maven.runtime_3.9.500.20231113-2345\jars\maven-resolver-provider-3.9.5.jar
2025-02-24 16:12:45,407 [Worker-26: Launching mavenrun-c0b6c5de-d582-40be-bd9a-4e1931361887] INFO  o.eclipse.m2e.core.internal.Bundles - 	Entry: C:\Users\Myhtak214\.p2\pool\plugins\org.eclipse.m2e.maven.runtime_3.9.500.20231113-2345\jars\maven-resolver-spi-1.9.16.jar
2025-02-24 16:12:45,407 [Worker-26: Launching mavenrun-c0b6c5de-d582-40be-bd9a-4e1931361887] INFO  o.eclipse.m2e.core.internal.Bundles - 	Entry: C:\Users\Myhtak214\.p2\pool\plugins\org.eclipse.m2e.maven.runtime_3.9.500.20231113-2345\jars\maven-resolver-transport-file-1.9.16.jar
2025-02-24 16:12:45,407 [Worker-26: Launching mavenrun-c0b6c5de-d582-40be-bd9a-4e1931361887] INFO  o.eclipse.m2e.core.internal.Bundles - 	Entry: C:\Users\Myhtak214\.p2\pool\plugins\org.eclipse.m2e.maven.runtime_3.9.500.20231113-2345\jars\maven-resolver-transport-http-1.9.16.jar
2025-02-24 16:12:45,407 [Worker-26: Launching mavenrun-c0b6c5de-d582-40be-bd9a-4e1931361887] INFO  o.eclipse.m2e.core.internal.Bundles - 	Entry: C:\Users\Myhtak214\.p2\pool\plugins\org.eclipse.m2e.maven.runtime_3.9.500.20231113-2345\jars\maven-resolver-transport-wagon-1.9.16.jar
2025-02-24 16:12:45,407 [Worker-26: Launching mavenrun-c0b6c5de-d582-40be-bd9a-4e1931361887] INFO  o.eclipse.m2e.core.internal.Bundles - 	Entry: C:\Users\Myhtak214\.p2\pool\plugins\org.eclipse.m2e.maven.runtime_3.9.500.20231113-2345\jars\maven-resolver-util-1.9.16.jar
2025-02-24 16:12:45,407 [Worker-26: Launching mavenrun-c0b6c5de-d582-40be-bd9a-4e1931361887] INFO  o.eclipse.m2e.core.internal.Bundles - 	Entry: C:\Users\Myhtak214\.p2\pool\plugins\org.eclipse.m2e.maven.runtime_3.9.500.20231113-2345\jars\maven-settings-3.9.5.jar
2025-02-24 16:12:45,407 [Worker-26: Launching mavenrun-c0b6c5de-d582-40be-bd9a-4e1931361887] INFO  o.eclipse.m2e.core.internal.Bundles - 	Entry: C:\Users\Myhtak214\.p2\pool\plugins\org.eclipse.m2e.maven.runtime_3.9.500.20231113-2345\jars\maven-settings-builder-3.9.5.jar
2025-02-24 16:12:45,407 [Worker-26: Launching mavenrun-c0b6c5de-d582-40be-bd9a-4e1931361887] INFO  o.eclipse.m2e.core.internal.Bundles - 	Entry: C:\Users\Myhtak214\.p2\pool\plugins\org.eclipse.m2e.maven.runtime_3.9.500.20231113-2345\jars\maven-shared-utils-3.3.4.jar
2025-02-24 16:12:45,408 [Worker-26: Launching mavenrun-c0b6c5de-d582-40be-bd9a-4e1931361887] INFO  o.eclipse.m2e.core.internal.Bundles - 	Entry: C:\Users\Myhtak214\.p2\pool\plugins\org.eclipse.m2e.maven.runtime_3.9.500.20231113-2345\jars\org.eclipse.sisu.inject-0.3.5.jar
2025-02-24 16:12:45,408 [Worker-26: Launching mavenrun-c0b6c5de-d582-40be-bd9a-4e1931361887] INFO  o.eclipse.m2e.core.internal.Bundles - 	Entry: C:\Users\Myhtak214\.p2\pool\plugins\org.eclipse.m2e.maven.runtime_3.9.500.20231113-2345\jars\org.eclipse.sisu.plexus-0.3.5.jar
2025-02-24 16:12:45,408 [Worker-26: Launching mavenrun-c0b6c5de-d582-40be-bd9a-4e1931361887] INFO  o.eclipse.m2e.core.internal.Bundles - 	Entry: C:\Users\Myhtak214\.p2\pool\plugins\org.eclipse.m2e.maven.runtime_3.9.500.20231113-2345\jars\plexus-build-api-0.0.7.jar
2025-02-24 16:12:45,408 [Worker-26: Launching mavenrun-c0b6c5de-d582-40be-bd9a-4e1931361887] INFO  o.eclipse.m2e.core.internal.Bundles - 	Entry: C:\Users\Myhtak214\.p2\pool\plugins\org.eclipse.m2e.maven.runtime_3.9.500.20231113-2345\jars\plexus-cipher-2.0.jar
2025-02-24 16:12:45,408 [Worker-26: Launching mavenrun-c0b6c5de-d582-40be-bd9a-4e1931361887] INFO  o.eclipse.m2e.core.internal.Bundles - 	Entry: C:\Users\Myhtak214\.p2\pool\plugins\org.eclipse.m2e.maven.runtime_3.9.500.20231113-2345\jars\plexus-classworlds-2.7.0.jar
2025-02-24 16:12:45,408 [Worker-26: Launching mavenrun-c0b6c5de-d582-40be-bd9a-4e1931361887] INFO  o.eclipse.m2e.core.internal.Bundles - 	Entry: C:\Users\Myhtak214\.p2\pool\plugins\org.eclipse.m2e.maven.runtime_3.9.500.20231113-2345\jars\plexus-component-annotations-2.1.0.jar
2025-02-24 16:12:45,408 [Worker-26: Launching mavenrun-c0b6c5de-d582-40be-bd9a-4e1931361887] INFO  o.eclipse.m2e.core.internal.Bundles - 	Entry: C:\Users\Myhtak214\.p2\pool\plugins\org.eclipse.m2e.maven.runtime_3.9.500.20231113-2345\jars\plexus-interpolation-1.26.jar
2025-02-24 16:12:45,408 [Worker-26: Launching mavenrun-c0b6c5de-d582-40be-bd9a-4e1931361887] INFO  o.eclipse.m2e.core.internal.Bundles - 	Entry: C:\Users\Myhtak214\.p2\pool\plugins\org.eclipse.m2e.maven.runtime_3.9.500.20231113-2345\jars\plexus-sec-dispatcher-2.0.jar
2025-02-24 16:12:45,408 [Worker-26: Launching mavenrun-c0b6c5de-d582-40be-bd9a-4e1931361887] INFO  o.eclipse.m2e.core.internal.Bundles - 	Entry: C:\Users\Myhtak214\.p2\pool\plugins\org.eclipse.m2e.maven.runtime_3.9.500.20231113-2345\jars\plexus-utils-3.5.1.jar
2025-02-24 16:12:45,409 [Worker-26: Launching mavenrun-c0b6c5de-d582-40be-bd9a-4e1931361887] INFO  o.eclipse.m2e.core.internal.Bundles - 	Entry: C:\Users\Myhtak214\.p2\pool\plugins\org.eclipse.m2e.maven.runtime_3.9.500.20231113-2345\jars\wagon-file-3.5.3.jar
2025-02-24 16:12:45,409 [Worker-26: Launching mavenrun-c0b6c5de-d582-40be-bd9a-4e1931361887] INFO  o.eclipse.m2e.core.internal.Bundles - 	Entry: C:\Users\Myhtak214\.p2\pool\plugins\org.eclipse.m2e.maven.runtime_3.9.500.20231113-2345\jars\wagon-http-3.5.3.jar
2025-02-24 16:12:45,409 [Worker-26: Launching mavenrun-c0b6c5de-d582-40be-bd9a-4e1931361887] INFO  o.eclipse.m2e.core.internal.Bundles - 	Entry: C:\Users\Myhtak214\.p2\pool\plugins\org.eclipse.m2e.maven.runtime_3.9.500.20231113-2345\jars\wagon-http-shared-3.5.3.jar
2025-02-24 16:12:45,409 [Worker-26: Launching mavenrun-c0b6c5de-d582-40be-bd9a-4e1931361887] INFO  o.eclipse.m2e.core.internal.Bundles - 	Entry: C:\Users\Myhtak214\.p2\pool\plugins\org.eclipse.m2e.maven.runtime_3.9.500.20231113-2345\jars\wagon-provider-api-3.5.3.jar
2025-02-24 16:12:45,409 [Worker-26: Launching mavenrun-c0b6c5de-d582-40be-bd9a-4e1931361887] INFO  o.eclipse.m2e.core.internal.Bundles - getClasspathEntries(Bundle=com.google.guava_32.1.3.jre [12])
2025-02-24 16:12:45,410 [Worker-26: Launching mavenrun-c0b6c5de-d582-40be-bd9a-4e1931361887] INFO  o.eclipse.m2e.core.internal.Bundles - 	Entry: C:\Users\Myhtak214\.p2\pool\plugins\com.google.guava_32.1.3.jre.jar
2025-02-24 16:12:45,410 [Worker-26: Launching mavenrun-c0b6c5de-d582-40be-bd9a-4e1931361887] INFO  o.eclipse.m2e.core.internal.Bundles - getClasspathEntries(Bundle=slf4j.api_2.0.11 [986])
2025-02-24 16:12:45,410 [Worker-26: Launching mavenrun-c0b6c5de-d582-40be-bd9a-4e1931361887] INFO  o.eclipse.m2e.core.internal.Bundles - 	Entry: C:\Users\Myhtak214\.p2\pool\plugins\slf4j.api_2.0.11.jar
2025-02-24 16:12:45,410 [Worker-26: Launching mavenrun-c0b6c5de-d582-40be-bd9a-4e1931361887] INFO  o.eclipse.m2e.core.internal.Bundles - getClasspathEntries(Bundle=javax.inject_1.0.0.v20091030 [989])
2025-02-24 16:12:45,410 [Worker-26: Launching mavenrun-c0b6c5de-d582-40be-bd9a-4e1931361887] INFO  o.eclipse.m2e.core.internal.Bundles - 	Entry: C:\Users\Myhtak214\.p2\pool\plugins\javax.inject_1.0.0.v20091030.jar
2025-02-24 16:12:45,410 [Worker-26: Launching mavenrun-c0b6c5de-d582-40be-bd9a-4e1931361887] INFO  o.eclipse.m2e.core.internal.Bundles - getClasspathEntries(Bundle=javax.annotation_1.3.5.v20200909-1856 [988])
2025-02-24 16:12:45,410 [Worker-26: Launching mavenrun-c0b6c5de-d582-40be-bd9a-4e1931361887] INFO  o.eclipse.m2e.core.internal.Bundles - 	Entry: C:\Users\Myhtak214\.p2\pool\plugins\javax.annotation_1.3.5.v20200909-1856.jar
2025-02-24 16:12:45,411 [Worker-26: Launching mavenrun-c0b6c5de-d582-40be-bd9a-4e1931361887] INFO  o.eclipse.m2e.core.internal.Bundles - getClasspathEntries(Bundle=org.apache.commons.cli_1.6.0 [71])
2025-02-24 16:12:45,411 [Worker-26: Launching mavenrun-c0b6c5de-d582-40be-bd9a-4e1931361887] INFO  o.eclipse.m2e.core.internal.Bundles - 	Entry: C:\Users\Myhtak214\.p2\pool\plugins\org.apache.commons.cli_1.6.0.jar
2025-02-24 16:12:45,411 [Worker-26: Launching mavenrun-c0b6c5de-d582-40be-bd9a-4e1931361887] INFO  o.eclipse.m2e.core.internal.Bundles - getClasspathEntries(Bundle=org.apache.commons.commons-codec_1.16.0 [75])
2025-02-24 16:12:45,411 [Worker-26: Launching mavenrun-c0b6c5de-d582-40be-bd9a-4e1931361887] INFO  o.eclipse.m2e.core.internal.Bundles - 	Entry: C:\Users\Myhtak214\.p2\pool\plugins\org.apache.commons.commons-codec_1.16.0.jar
2025-02-24 16:12:45,411 [Worker-26: Launching mavenrun-c0b6c5de-d582-40be-bd9a-4e1931361887] INFO  o.eclipse.m2e.core.internal.Bundles - getClasspathEntries(Bundle=org.apache.commons.lang3_3.14.0 [1001])
2025-02-24 16:12:45,411 [Worker-26: Launching mavenrun-c0b6c5de-d582-40be-bd9a-4e1931361887] INFO  o.eclipse.m2e.core.internal.Bundles - 	Entry: C:\Users\Myhtak214\.p2\pool\plugins\org.apache.commons.lang3_3.14.0.jar
2025-02-24 16:12:45,411 [Worker-26: Launching mavenrun-c0b6c5de-d582-40be-bd9a-4e1931361887] INFO  o.eclipse.m2e.core.internal.Bundles - getClasspathEntries(Bundle=com.google.guava.failureaccess_1.0.2 [13])
2025-02-24 16:12:45,411 [Worker-26: Launching mavenrun-c0b6c5de-d582-40be-bd9a-4e1931361887] INFO  o.eclipse.m2e.core.internal.Bundles - 	Entry: C:\Users\Myhtak214\.p2\pool\plugins\com.google.guava.failureaccess_1.0.2.jar
2025-02-24 16:12:45,414 [Worker-26: Launching mavenrun-c0b6c5de-d582-40be-bd9a-4e1931361887] INFO  o.e.m.i.launch.MavenLaunchDelegate - Run build in "C:\Users\MYHTAK~1\AppData\Local\Temp\m2e-archetypeGenerator5296182885166547169":
2025-02-24 16:12:45,416 [Worker-26: Launching mavenrun-c0b6c5de-d582-40be-bd9a-4e1931361887] INFO  o.e.m.i.launch.MavenLaunchDelegate -  mvn  -DarchetypeGroupId=org.apache.maven.archetypes -DarchetypeArtifactId=maven-archetype-webapp -DarchetypeVersion=1.5 -DgroupId=comp367 -DartifactId=michael_lab2 -Dversion=0.0.1-SNAPSHOT -Dpackage=comp367.michael_lab2 -DoutputDirectory=C:\Users\Myhtak214\eclipse-workspace\Comp367\Lab2 -Dstyle.color=always -U archetype:generate
2025-02-24 16:12:52,817 [Worker-135: Creating maven-archetype-webapp] INFO  o.e.m.c.i.p.ProjectConfigurationManager - Collecting project info '/pom.xml' C:\Users\Myhtak214\eclipse-workspace\Comp367\Lab2\michael_lab2\pom.xml
2025-02-24 16:12:52,891 [Worker-135: Creating maven-archetype-webapp] INFO  o.e.m.c.i.e.AbstractTransferListenerAdapter - Downloading https://repo.maven.apache.org/maven2/org/apache/maven/plugins/maven-surefire-plugin/3.3.0/maven-surefire-plugin-3.3.0.jar
2025-02-24 16:12:52,902 [Worker-135: Creating maven-archetype-webapp] INFO  o.e.m.c.i.e.AbstractTransferListenerAdapter - Downloaded https://repo.maven.apache.org/maven2/org/apache/maven/plugins/maven-surefire-plugin/3.3.0/maven-surefire-plugin-3.3.0.jar
2025-02-24 16:12:52,917 [Worker-135: Creating maven-archetype-webapp] INFO  o.e.m.c.i.e.AbstractTransferListenerAdapter - Downloading https://repo.maven.apache.org/maven2/org/apache/maven/plugins/maven-install-plugin/3.1.2/maven-install-plugin-3.1.2.jar
2025-02-24 16:12:52,921 [Worker-135: Creating maven-archetype-webapp] INFO  o.e.m.c.i.e.AbstractTransferListenerAdapter - Downloaded https://repo.maven.apache.org/maven2/org/apache/maven/plugins/maven-install-plugin/3.1.2/maven-install-plugin-3.1.2.jar
2025-02-24 16:12:52,935 [Worker-135: Creating maven-archetype-webapp] INFO  o.e.m.c.i.e.AbstractTransferListenerAdapter - Downloading https://repo.maven.apache.org/maven2/org/apache/maven/plugins/maven-deploy-plugin/3.1.2/maven-deploy-plugin-3.1.2.jar
2025-02-24 16:12:52,939 [Worker-135: Creating maven-archetype-webapp] INFO  o.e.m.c.i.e.AbstractTransferListenerAdapter - Downloaded https://repo.maven.apache.org/maven2/org/apache/maven/plugins/maven-deploy-plugin/3.1.2/maven-deploy-plugin-3.1.2.jar
2025-02-24 16:12:53,045 [Worker-135: Creating maven-archetype-webapp] INFO  o.e.m.c.i.l.LifecycleMappingFactory - Using org.maven.ide.eclipse.wtp.WarLifecycleMapping lifecycle mapping for MavenProject: comp367:michael_lab2:0.0.1-SNAPSHOT @ C:\Users\Myhtak214\eclipse-workspace\Comp367\Lab2\michael_lab2\pom.xml.
2025-02-24 16:12:53,056 [Worker-135: Creating maven-archetype-webapp] INFO  o.e.m.c.i.e.AbstractTransferListenerAdapter - Downloading https://repo.maven.apache.org/maven2/junit/junit/4.13.1/junit-4.13.1.pom
2025-02-24 16:12:53,059 [Worker-135: Creating maven-archetype-webapp] INFO  o.e.m.c.i.e.AbstractTransferListenerAdapter - Downloaded https://repo.maven.apache.org/maven2/junit/junit/4.13.1/junit-4.13.1.pom
2025-02-24 16:12:53,072 [Worker-135: Creating maven-archetype-webapp] INFO  o.e.m.c.i.e.AbstractTransferListenerAdapter - Downloading https://repo.maven.apache.org/maven2/org/hamcrest/hamcrest-core/1.3/hamcrest-core-1.3.pom
2025-02-24 16:12:53,075 [Worker-135: Creating maven-archetype-webapp] INFO  o.e.m.c.i.e.AbstractTransferListenerAdapter - Downloaded https://repo.maven.apache.org/maven2/org/hamcrest/hamcrest-core/1.3/hamcrest-core-1.3.pom
2025-02-24 16:12:53,086 [Worker-135: Creating maven-archetype-webapp] INFO  o.e.m.c.i.e.AbstractTransferListenerAdapter - Downloading https://repo.maven.apache.org/maven2/org/hamcrest/hamcrest-parent/1.3/hamcrest-parent-1.3.pom
2025-02-24 16:12:53,089 [Worker-135: Creating maven-archetype-webapp] INFO  o.e.m.c.i.e.AbstractTransferListenerAdapter - Downloaded https://repo.maven.apache.org/maven2/org/hamcrest/hamcrest-parent/1.3/hamcrest-parent-1.3.pom
2025-02-24 16:12:53,101 [Worker-135: Creating maven-archetype-webapp] INFO  o.e.m.c.i.e.AbstractTransferListenerAdapter - Downloading https://repo.maven.apache.org/maven2/junit/junit/4.13.1/junit-4.13.1.jar
2025-02-24 16:12:53,113 [Worker-135: Creating maven-archetype-webapp] INFO  o.e.m.c.i.e.AbstractTransferListenerAdapter - Downloaded https://repo.maven.apache.org/maven2/junit/junit/4.13.1/junit-4.13.1.jar
2025-02-24 16:12:53,121 [BasicRepositoryConnector-repo.maven.apache.org-0-0] INFO  o.e.m.c.i.e.AbstractTransferListenerAdapter - Downloading https://repo.maven.apache.org/maven2/org/hamcrest/hamcrest-core/1.3/hamcrest-core-1.3.jar
2025-02-24 16:12:53,124 [BasicRepositoryConnector-repo.maven.apache.org-0-0] INFO  o.e.m.c.i.e.AbstractTransferListenerAdapter - Downloaded https://repo.maven.apache.org/maven2/org/hamcrest/hamcrest-core/1.3/hamcrest-core-1.3.jar
2025-02-24 16:12:53,149 [Worker-135: Creating maven-archetype-webapp] INFO  o.e.m.c.i.e.AbstractTransferListenerAdapter - Downloading https://repo.maven.apache.org/maven2/org/apache/maven/plugins/maven-surefire-plugin/3.3.0/maven-surefire-plugin-3.3.0.pom
2025-02-24 16:12:53,152 [Worker-135: Creating maven-archetype-webapp] INFO  o.e.m.c.i.e.AbstractTransferListenerAdapter - Downloaded https://repo.maven.apache.org/maven2/org/apache/maven/plugins/maven-surefire-plugin/3.3.0/maven-surefire-plugin-3.3.0.pom
2025-02-24 16:12:53,225 [Worker-135: Creating maven-archetype-webapp] INFO  o.e.m.c.i.e.AbstractTransferListenerAdapter - Downloading https://repo.maven.apache.org/maven2/org/apache/maven/surefire/surefire/3.3.0/surefire-3.3.0.pom
2025-02-24 16:12:53,228 [Worker-135: Creating maven-archetype-webapp] INFO  o.e.m.c.i.e.AbstractTransferListenerAdapter - Downloaded https://repo.maven.apache.org/maven2/org/apache/maven/surefire/surefire/3.3.0/surefire-3.3.0.pom
2025-02-24 16:12:53,500 [Worker-135: Creating maven-archetype-webapp] INFO  o.e.m.j.i.AbstractJavaProjectConfigurator - Adding source folder /michael_lab2/src/main/java
2025-02-24 16:12:53,501 [Worker-135: Creating maven-archetype-webapp] INFO  o.e.m.j.i.AbstractJavaProjectConfigurator - Adding resource folder /michael_lab2/src/main/resources
2025-02-24 16:12:53,501 [Worker-135: Creating maven-archetype-webapp] INFO  o.e.m.j.i.AbstractJavaProjectConfigurator - Adding source folder /michael_lab2/src/test/java
2025-02-24 16:12:53,501 [Worker-135: Creating maven-archetype-webapp] INFO  o.e.m.j.i.AbstractJavaProjectConfigurator - Adding resource folder /michael_lab2/src/test/resources
2025-02-24 16:12:53,501 [Worker-135: Creating maven-archetype-webapp] ERROR o.e.m.j.i.AbstractJavaProjectConfigurator - Failed to find a compatible VM for environment id 'JavaSE-1.8', falling back to workspace default
2025-02-24 16:12:53,667 [Worker-135: Creating maven-archetype-webapp] INFO  o.e.m.c.i.e.AbstractTransferListenerAdapter - Downloading https://repo.maven.apache.org/maven2/org/apache/maven/plugins/maven-clean-plugin/3.4.0/maven-clean-plugin-3.4.0.pom
2025-02-24 16:12:53,670 [Worker-135: Creating maven-archetype-webapp] INFO  o.e.m.c.i.e.AbstractTransferListenerAdapter - Downloaded https://repo.maven.apache.org/maven2/org/apache/maven/plugins/maven-clean-plugin/3.4.0/maven-clean-plugin-3.4.0.pom
2025-02-24 16:12:53,685 [Worker-135: Creating maven-archetype-webapp] INFO  o.e.m.c.i.p.ProjectConfigurationManager - Imported and configured 1 project(s) in 0 sec
2025-02-24 16:12:53,948 [Worker-137: Building] INFO  o.a.m.s.f.DefaultMavenResourcesFiltering - skip non existing resourceDirectory C:\Users\Myhtak214\eclipse-workspace\Comp367\Lab2\michael_lab2\src\main\resources
2025-02-24 16:12:53,952 [Worker-137: Building] INFO  o.a.m.s.f.DefaultMavenResourcesFiltering - skip non existing resourceDirectory C:\Users\Myhtak214\eclipse-workspace\Comp367\Lab2\michael_lab2\src\test\resources
2025-02-24 16:12:54,477 [Worker-138: Download sources and javadoc] INFO  o.e.m.c.i.e.AbstractTransferListenerAdapter - Downloading https://repo.maven.apache.org/maven2/junit/junit/4.13.1/junit-4.13.1-sources.jar
2025-02-24 16:12:54,496 [Worker-138: Download sources and javadoc] INFO  o.e.m.c.i.e.AbstractTransferListenerAdapter - Downloaded https://repo.maven.apache.org/maven2/junit/junit/4.13.1/junit-4.13.1-sources.jar
2025-02-24 16:12:54,499 [Worker-138: Download sources and javadoc] INFO  o.e.m.j.internal.DownloadSourcesJob - Downloaded sources for junit:junit:4.13.1
2025-02-24 16:12:54,525 [Worker-138: Download sources and javadoc] INFO  o.e.m.c.i.e.AbstractTransferListenerAdapter - Downloading https://repo.maven.apache.org/maven2/org/hamcrest/hamcrest-core/1.3/hamcrest-core-1.3-sources.jar
2025-02-24 16:12:54,528 [Worker-138: Download sources and javadoc] INFO  o.e.m.c.i.e.AbstractTransferListenerAdapter - Downloaded https://repo.maven.apache.org/maven2/org/hamcrest/hamcrest-core/1.3/hamcrest-core-1.3-sources.jar
2025-02-24 16:12:54,531 [Worker-138: Download sources and javadoc] INFO  o.e.m.j.internal.DownloadSourcesJob - Downloaded sources for org.hamcrest:hamcrest-core:1.3
2025-02-24 16:12:55,324 [Worker-139: Building] INFO  o.a.m.s.f.DefaultMavenResourcesFiltering - skip non existing resourceDirectory C:\Users\Myhtak214\eclipse-workspace\Comp367\Lab2\michael_lab2\src\main\resources
2025-02-24 16:12:55,326 [Worker-139: Building] INFO  o.a.m.s.f.DefaultMavenResourcesFiltering - skip non existing resourceDirectory C:\Users\Myhtak214\eclipse-workspace\Comp367\Lab2\michael_lab2\src\test\resources
2025-02-24 16:14:02,882 [Worker-136: Building] INFO  o.e.m.c.i.l.LifecycleMappingFactory - Using org.maven.ide.eclipse.wtp.WarLifecycleMapping lifecycle mapping for MavenProject: comp367:michael_lab2:0.0.1-SNAPSHOT @ C:\Users\Myhtak214\eclipse-workspace\Comp367\Lab2\michael_lab2\pom.xml.
2025-02-24 16:14:02,984 [Worker-136: Building] INFO  o.a.m.s.f.DefaultMavenResourcesFiltering - skip non existing resourceDirectory C:\Users\Myhtak214\eclipse-workspace\Comp367\Lab2\michael_lab2\src\main\resources
2025-02-24 16:14:02,987 [Worker-136: Building] INFO  o.a.m.s.f.DefaultMavenResourcesFiltering - skip non existing resourceDirectory C:\Users\Myhtak214\eclipse-workspace\Comp367\Lab2\michael_lab2\src\test\resources
2025-02-24 16:14:02,987 [Worker-136: Building] INFO  o.e.m.w.i.f.ResourceFilteringBuildParticipant - Changed resources require a complete clean of filtered resources of michael_lab2
2025-02-24 16:14:02,987 [Worker-136: Building] INFO  o.e.m.w.i.f.ResourceFilteringBuildParticipant - Executing resource filtering for michael_lab2
2025-02-24 16:14:05,920 [Worker-135: Cleaning all projects] INFO  o.e.m.w.i.f.ResourceFilteringBuildParticipant - Cleaning filtered folder for michael_lab2
2025-02-24 16:14:06,073 [Worker-138: Building] INFO  o.a.m.s.f.DefaultMavenResourcesFiltering - skip non existing resourceDirectory C:\Users\Myhtak214\eclipse-workspace\Comp367\Lab2\michael_lab2\src\main\resources
2025-02-24 16:14:06,074 [Worker-138: Building] INFO  o.a.m.s.f.DefaultMavenResourcesFiltering - skip non existing resourceDirectory C:\Users\Myhtak214\eclipse-workspace\Comp367\Lab2\michael_lab2\src\test\resources
2025-02-24 16:14:06,074 [Worker-138: Building] INFO  o.e.m.w.i.f.ResourceFilteringBuildParticipant - Changed resources require a complete clean of filtered resources of michael_lab2
2025-02-24 16:14:06,074 [Worker-138: Building] INFO  o.e.m.w.i.f.ResourceFilteringBuildParticipant - Executing resource filtering for michael_lab2
2025-02-24 16:15:22,831 [Worker-139: Building] INFO  o.a.m.s.f.DefaultMavenResourcesFiltering - skip non existing resourceDirectory C:\Users\Myhtak214\eclipse-workspace\Comp367\Lab2\michael_lab2\src\main\resources
2025-02-24 16:15:22,833 [Worker-139: Building] INFO  o.a.m.s.f.DefaultMavenResourcesFiltering - skip non existing resourceDirectory C:\Users\Myhtak214\eclipse-workspace\Comp367\Lab2\michael_lab2\src\test\resources
2025-02-24 16:16:22,344 [Worker-26: Cleaning all projects] INFO  o.e.m.w.i.f.ResourceFilteringBuildParticipant - Cleaning filtered folder for michael_lab2
2025-02-24 16:16:22,507 [Worker-136: Building] INFO  o.a.m.s.f.DefaultMavenResourcesFiltering - skip non existing resourceDirectory C:\Users\Myhtak214\eclipse-workspace\Comp367\Lab2\michael_lab2\src\main\resources
2025-02-24 16:16:22,509 [Worker-136: Building] INFO  o.a.m.s.f.DefaultMavenResourcesFiltering - skip non existing resourceDirectory C:\Users\Myhtak214\eclipse-workspace\Comp367\Lab2\michael_lab2\src\test\resources
2025-02-24 16:16:22,509 [Worker-136: Building] INFO  o.e.m.w.i.f.ResourceFilteringBuildParticipant - Changed resources require a complete clean of filtered resources of michael_lab2
2025-02-24 16:16:22,509 [Worker-136: Building] INFO  o.e.m.w.i.f.ResourceFilteringBuildParticipant - Executing resource filtering for michael_lab2
2025-02-24 16:20:09,024 [Worker-136: Building] INFO  o.a.m.s.f.DefaultMavenResourcesFiltering - skip non existing resourceDirectory C:\Users\Myhtak214\eclipse-workspace\Comp367\Lab2\michael_lab2\src\main\resources
2025-02-24 16:20:09,025 [Worker-136: Building] INFO  o.a.m.s.f.DefaultMavenResourcesFiltering - skip non existing resourceDirectory C:\Users\Myhtak214\eclipse-workspace\Comp367\Lab2\michael_lab2\src\test\resources
2025-02-24 16:21:13,444 [Worker-135: Building] INFO  o.a.m.s.f.DefaultMavenResourcesFiltering - skip non existing resourceDirectory C:\Users\Myhtak214\eclipse-workspace\Comp367\Lab2\michael_lab2\src\main\resources
2025-02-24 16:21:13,446 [Worker-135: Building] INFO  o.a.m.s.f.DefaultMavenResourcesFiltering - skip non existing resourceDirectory C:\Users\Myhtak214\eclipse-workspace\Comp367\Lab2\michael_lab2\src\test\resources
2025-02-24 16:23:33,584 [Worker-141: Cleaning all projects] INFO  o.e.m.w.i.f.ResourceFilteringBuildParticipant - Cleaning filtered folder for michael_lab2
2025-02-24 16:23:33,717 [Worker-139: Building] INFO  o.a.m.s.f.DefaultMavenResourcesFiltering - skip non existing resourceDirectory C:\Users\Myhtak214\eclipse-workspace\Comp367\Lab2\michael_lab2\src\main\resources
2025-02-24 16:23:33,718 [Worker-139: Building] INFO  o.a.m.s.f.DefaultMavenResourcesFiltering - skip non existing resourceDirectory C:\Users\Myhtak214\eclipse-workspace\Comp367\Lab2\michael_lab2\src\test\resources
2025-02-24 16:23:33,719 [Worker-139: Building] INFO  o.e.m.w.i.f.ResourceFilteringBuildParticipant - Changed resources require a complete clean of filtered resources of michael_lab2
2025-02-24 16:23:33,719 [Worker-139: Building] INFO  o.e.m.w.i.f.ResourceFilteringBuildParticipant - Executing resource filtering for michael_lab2
2025-02-24 16:34:32,214 [Worker-152: Cleaning all projects] INFO  o.e.m.w.i.f.ResourceFilteringBuildParticipant - Cleaning filtered folder for michael_lab2
2025-02-24 16:34:32,500 [Worker-143: Building] INFO  o.a.m.s.f.DefaultMavenResourcesFiltering - skip non existing resourceDirectory C:\Users\Myhtak214\eclipse-workspace\Comp367\Lab2\michael_lab2\src\main\resources
2025-02-24 16:34:32,501 [Worker-143: Building] INFO  o.a.m.s.f.DefaultMavenResourcesFiltering - skip non existing resourceDirectory C:\Users\Myhtak214\eclipse-workspace\Comp367\Lab2\michael_lab2\src\test\resources
2025-02-24 16:34:32,502 [Worker-143: Building] INFO  o.e.m.w.i.f.ResourceFilteringBuildParticipant - Changed resources require a complete clean of filtered resources of michael_lab2
2025-02-24 16:34:32,502 [Worker-143: Building] INFO  o.e.m.w.i.f.ResourceFilteringBuildParticipant - Executing resource filtering for michael_lab2
2025-02-24 16:36:21,208 [Worker-141: Building] INFO  o.a.m.s.f.DefaultMavenResourcesFiltering - skip non existing resourceDirectory C:\Users\Myhtak214\eclipse-workspace\Comp367\Lab2\michael_lab2\src\main\resources
2025-02-24 16:36:21,210 [Worker-141: Building] INFO  o.a.m.s.f.DefaultMavenResourcesFiltering - skip non existing resourceDirectory C:\Users\Myhtak214\eclipse-workspace\Comp367\Lab2\michael_lab2\src\test\resources
2025-02-24 16:37:11,781 [Worker-149: Building] INFO  o.a.m.s.f.DefaultMavenResourcesFiltering - skip non existing resourceDirectory C:\Users\Myhtak214\eclipse-workspace\Comp367\Lab2\michael_lab2\src\main\resources
2025-02-24 16:37:11,782 [Worker-149: Building] INFO  o.a.m.s.f.DefaultMavenResourcesFiltering - skip non existing resourceDirectory C:\Users\Myhtak214\eclipse-workspace\Comp367\Lab2\michael_lab2\src\test\resources
2025-02-24 16:37:48,166 [Worker-151: Building] INFO  o.a.m.s.f.DefaultMavenResourcesFiltering - skip non existing resourceDirectory C:\Users\Myhtak214\eclipse-workspace\Comp367\Lab2\michael_lab2\src\main\resources
2025-02-24 16:37:48,168 [Worker-151: Building] INFO  o.a.m.s.f.DefaultMavenResourcesFiltering - skip non existing resourceDirectory C:\Users\Myhtak214\eclipse-workspace\Comp367\Lab2\michael_lab2\src\test\resources
2025-02-24 16:39:17,684 [Worker-145: Building] INFO  o.a.m.s.f.DefaultMavenResourcesFiltering - skip non existing resourceDirectory C:\Users\Myhtak214\eclipse-workspace\Comp367\Lab2\michael_lab2\src\main\resources
2025-02-24 16:39:17,686 [Worker-145: Building] INFO  o.a.m.s.f.DefaultMavenResourcesFiltering - skip non existing resourceDirectory C:\Users\Myhtak214\eclipse-workspace\Comp367\Lab2\michael_lab2\src\test\resources
2025-02-24 17:34:13,337 [Worker-4: Loading available Gradle versions] INFO  o.e.b.c.i.u.g.PublishedGradleVersions - Gradle version information cache is up-to-date. Trying to read.
2025-02-24 17:34:16,669 [Worker-17: Building] INFO  o.e.m.c.i.l.LifecycleMappingFactory - Using org.maven.ide.eclipse.wtp.WarLifecycleMapping lifecycle mapping for MavenProject: comp367:michael_lab2:0.0.1-SNAPSHOT @ C:\Users\Myhtak214\eclipse-workspace\Comp367\Lab2\michael_lab2\pom.xml.
2025-02-24 17:34:17,414 [Worker-17: Building] INFO  o.a.m.s.f.DefaultMavenResourcesFiltering - skip non existing resourceDirectory C:\Users\Myhtak214\eclipse-workspace\Comp367\Lab2\michael_lab2\src\main\resources
2025-02-24 17:34:17,418 [Worker-17: Building] INFO  o.a.m.s.f.DefaultMavenResourcesFiltering - skip non existing resourceDirectory C:\Users\Myhtak214\eclipse-workspace\Comp367\Lab2\michael_lab2\src\test\resources
2025-02-24 17:37:32,144 [Worker-43: Cleaning all projects] INFO  o.e.m.w.i.f.ResourceFilteringBuildParticipant - Cleaning filtered folder for michael_lab2
2025-02-24 17:37:32,303 [Worker-55: Building] INFO  o.a.m.s.f.DefaultMavenResourcesFiltering - skip non existing resourceDirectory C:\Users\Myhtak214\eclipse-workspace\Comp367\Lab2\michael_lab2\src\main\resources
2025-02-24 17:37:32,305 [Worker-55: Building] INFO  o.a.m.s.f.DefaultMavenResourcesFiltering - skip non existing resourceDirectory C:\Users\Myhtak214\eclipse-workspace\Comp367\Lab2\michael_lab2\src\test\resources
2025-02-24 17:37:32,305 [Worker-55: Building] INFO  o.e.m.w.i.f.ResourceFilteringBuildParticipant - Changed resources require a complete clean of filtered resources of michael_lab2
2025-02-24 17:37:32,306 [Worker-55: Building] INFO  o.e.m.w.i.f.ResourceFilteringBuildParticipant - Executing resource filtering for michael_lab2
2025-02-24 18:29:38,992 [Worker-153: Cleaning all projects] INFO  o.e.m.w.i.f.ResourceFilteringBuildParticipant - Cleaning filtered folder for michael_lab2
2025-02-24 18:29:39,126 [Worker-155: Building] INFO  o.a.m.s.f.DefaultMavenResourcesFiltering - skip non existing resourceDirectory C:\Users\Myhtak214\eclipse-workspace\Comp367\Lab2\michael_lab2\src\main\resources
2025-02-24 18:29:39,128 [Worker-155: Building] INFO  o.a.m.s.f.DefaultMavenResourcesFiltering - skip non existing resourceDirectory C:\Users\Myhtak214\eclipse-workspace\Comp367\Lab2\michael_lab2\src\test\resources
2025-02-24 18:29:39,128 [Worker-155: Building] INFO  o.e.m.w.i.f.ResourceFilteringBuildParticipant - Changed resources require a complete clean of filtered resources of michael_lab2
2025-02-24 18:29:39,128 [Worker-155: Building] INFO  o.e.m.w.i.f.ResourceFilteringBuildParticipant - Executing resource filtering for michael_lab2
2025-02-24 18:29:56,751 [Worker-148: Building] INFO  o.a.m.s.f.DefaultMavenResourcesFiltering - skip non existing resourceDirectory C:\Users\Myhtak214\eclipse-workspace\Comp367\Lab2\michael_lab2\src\main\resources
2025-02-24 18:29:56,753 [Worker-148: Building] INFO  o.a.m.s.f.DefaultMavenResourcesFiltering - skip non existing resourceDirectory C:\Users\Myhtak214\eclipse-workspace\Comp367\Lab2\michael_lab2\src\test\resources
2025-02-24 18:30:36,772 [Worker-156: Building] INFO  o.a.m.s.f.DefaultMavenResourcesFiltering - skip non existing resourceDirectory C:\Users\Myhtak214\eclipse-workspace\Comp367\Lab2\michael_lab2\src\main\resources
2025-02-24 18:30:36,774 [Worker-156: Building] INFO  o.a.m.s.f.DefaultMavenResourcesFiltering - skip non existing resourceDirectory C:\Users\Myhtak214\eclipse-workspace\Comp367\Lab2\michael_lab2\src\test\resources
